<?xml version="1.0" encoding="UTF-8"?>
<!-- Generated by org.testng.reporters.JUnitXMLReporter -->
<testsuite hostname="netstorm-TECRA-C50-C" name="Chrome" tests="10" failures="0" timestamp="27 May 2018 19:34:40 GMT" time="61.749" errors="0">
  <testcase name="chromeTest" time="9.177" classname="parallelTest.ParallelTest"/>
  <testcase name="firefoxTest" time="13.264" classname="parallelTest.ParallelTest"/>
  <testcase name="chromeTest" time="8.547" classname="parallelTest.ParallelTest"/>
  <testcase name="firefoxTest" time="12.466" classname="parallelTest.ParallelTest"/>
  <testcase name="chromeTest" time="8.777" classname="parallelTest.ParallelTest"/>
  <testcase name="chromeTest" time="8.309" classname="parallelTest.ParallelTest"/>
  <testcase name="firefoxTest" time="13.089" classname="parallelTest.ParallelTest"/>
  <testcase name="chromeTest" time="6.596" classname="parallelTest.ParallelTest"/>
  <testcase name="firefoxTest" time="11.445" classname="parallelTest.ParallelTest"/>
  <testcase name="firefoxTest" time="11.454" classname="parallelTest.ParallelTest"/>
</testsuite> <!-- Chrome -->
