<?xml version="1.0" encoding="UTF-8"?>
<!-- Generated by org.testng.reporters.JUnitXMLReporter -->
<testsuite hostname="netstorm-TECRA-C50-C" ignored="0" name="Default test" tests="6" failures="0" timestamp="18 Nov 2017 07:52:16 GMT" time="0.08" errors="0">
  <testcase name="One" time="0.015" classname="src.com.cavisson.MultiTest"/>
  <testcase name="f" time="0.003" classname="src.com.cavisson.MultiTest"/>
  <testcase name="f" time="0.002" classname="src.com.cavisson.MultiTest"/>
  <testcase name="Two" time="0.002" classname="src.com.cavisson.MultiTest"/>
  <testcase name="Three" time="0.002" classname="src.com.cavisson.MultiTest"/>
  <testcase name="Four" time="0.001" classname="src.com.cavisson.MultiTest"/>
</testsuite> <!-- Default test -->
