<?xml version="1.0" encoding="UTF-8"?>
<!-- Generated by org.testng.reporters.JUnitXMLReporter -->
<testsuite hostname="netstorm-TECRA-C50-C" ignored="2" name="Test" tests="3" failures="0" timestamp="18 Nov 2017 11:01:47 GMT" time="0.074" errors="0">
  <testcase name="One" time="0.015" classname="src.com.cavisson.MultiTest"/>
  <testcase name="Two" time="0.009" classname="src.com.cavisson.MultiTest"/>
  <testcase name="Three" time="0.002" classname="src.com.cavisson.MultiTest"/>
  <testcase name="f" time="0.0" classname="src.com.cavisson.MultiTest">
    <ignored/>
  </testcase> <!-- f -->
  <testcase name="Four" time="0.0" classname="src.com.cavisson.MultiTest">
    <ignored/>
  </testcase> <!-- Four -->
</testsuite> <!-- Test -->
