<?xml version="1.0" encoding="UTF-8"?>
<!-- Generated by org.testng.reporters.JUnitXMLReporter -->
<testsuite hostname="netstorm-TECRA-C50-C" ignored="0" name="Test" tests="6" failures="0" timestamp="09 Dec 2017 07:23:14 GMT" time="0.108" errors="0">
  <testcase name="Four" time="0.009" classname="src.com.cavisson.MultiTest"/>
  <testcase name="One" time="0.002" classname="src.com.cavisson.MultiTest"/>
  <testcase name="Three" time="0.001" classname="src.com.cavisson.MultiTest"/>
  <testcase name="Two" time="0.001" classname="src.com.cavisson.MultiTest"/>
  <testcase name="f" time="0.002" classname="src.com.cavisson.MultiTest"/>
  <testcase name="f" time="0.001" classname="src.com.cavisson.MultiTest"/>
</testsuite> <!-- Test -->
