<?xml version="1.0" encoding="UTF-8"?>
<testng-results skipped="0" failed="0" ignored="0" total="2" passed="2">
  <reporter-output>
  </reporter-output>
  <suite name="parallelTest" duration-ms="59" started-at="2017-12-09T07:31:56Z" finished-at="2017-12-09T07:31:56Z">
    <groups>
    </groups>
    <test name="ParallelTest" duration-ms="59" started-at="2017-12-09T07:31:56Z" finished-at="2017-12-09T07:31:56Z">
      <class name="src.com.cavisson.TestParallelOne">
        <test-method status="PASS" signature="testCaseTwo()[pri:0, instance:src.com.cavisson.TestParallelOne@5ae9a829]" name="testCaseTwo" duration-ms="15" started-at="2017-12-09T13:01:56Z" finished-at="2017-12-09T13:01:56Z">
          <reporter-output>
          </reporter-output>
        </test-method> <!-- testCaseTwo -->
        <test-method status="PASS" signature="testCaseOne()[pri:0, instance:src.com.cavisson.TestParallelOne@5ae9a829]" name="testCaseOne" duration-ms="14" started-at="2017-12-09T13:01:56Z" finished-at="2017-12-09T13:01:56Z">
          <reporter-output>
          </reporter-output>
        </test-method> <!-- testCaseOne -->
      </class> <!-- src.com.cavisson.TestParallelOne -->
    </test> <!-- ParallelTest -->
  </suite> <!-- parallelTest -->
</testng-results>
