<?xml version="1.0" encoding="UTF-8"?>
<testng-results skipped="0" failed="0" ignored="2" total="5" passed="3">
  <reporter-output>
  </reporter-output>
  <suite name="Suite" duration-ms="74" started-at="2017-11-18T11:01:47Z" finished-at="2017-11-18T11:01:47Z">
    <groups>
    </groups>
    <test name="Test" duration-ms="74" started-at="2017-11-18T11:01:47Z" finished-at="2017-11-18T11:01:47Z">
      <class name="src.com.cavisson.MultiTest">
        <test-method status="PASS" signature="beforeSuite1()[pri:0, instance:src.com.cavisson.MultiTest@396a51ab]" name="beforeSuite1" is-config="true" duration-ms="17" started-at="2017-11-18T16:31:47Z" finished-at="2017-11-18T16:31:47Z">
          <reporter-output>
          </reporter-output>
        </test-method> <!-- beforeSuite1 -->
        <test-method status="PASS" signature="beforeTest1()[pri:0, instance:src.com.cavisson.MultiTest@396a51ab]" name="beforeTest1" is-config="true" duration-ms="0" started-at="2017-11-18T16:31:47Z" finished-at="2017-11-18T16:31:47Z">
          <reporter-output>
          </reporter-output>
        </test-method> <!-- beforeTest1 -->
        <test-method status="PASS" signature="beforeTest()[pri:0, instance:src.com.cavisson.MultiTest@396a51ab]" name="beforeTest" is-config="true" duration-ms="0" started-at="2017-11-18T16:31:47Z" finished-at="2017-11-18T16:31:47Z">
          <reporter-output>
          </reporter-output>
        </test-method> <!-- beforeTest -->
        <test-method status="PASS" signature="beforeClass()[pri:0, instance:src.com.cavisson.MultiTest@396a51ab]" name="beforeClass" is-config="true" duration-ms="0" started-at="2017-11-18T16:31:47Z" finished-at="2017-11-18T16:31:47Z">
          <reporter-output>
          </reporter-output>
        </test-method> <!-- beforeClass -->
        <test-method status="PASS" signature="beforeMethod()[pri:0, instance:src.com.cavisson.MultiTest@396a51ab]" name="beforeMethod" is-config="true" duration-ms="1" started-at="2017-11-18T16:31:47Z" finished-at="2017-11-18T16:31:47Z">
          <reporter-output>
          </reporter-output>
        </test-method> <!-- beforeMethod -->
        <test-method status="PASS" signature="One()[pri:0, instance:src.com.cavisson.MultiTest@396a51ab]" name="One" duration-ms="15" started-at="2017-11-18T16:31:47Z" finished-at="2017-11-18T16:31:47Z">
          <reporter-output>
          </reporter-output>
        </test-method> <!-- One -->
        <test-method status="PASS" signature="afterMethod()[pri:0, instance:src.com.cavisson.MultiTest@396a51ab]" name="afterMethod" is-config="true" duration-ms="1" started-at="2017-11-18T16:31:47Z" finished-at="2017-11-18T16:31:47Z">
          <reporter-output>
          </reporter-output>
        </test-method> <!-- afterMethod -->
        <test-method status="PASS" signature="Two()[pri:1, instance:src.com.cavisson.MultiTest@396a51ab]" name="Two" duration-ms="9" started-at="2017-11-18T16:31:47Z" finished-at="2017-11-18T16:31:47Z">
          <reporter-output>
          </reporter-output>
        </test-method> <!-- Two -->
        <test-method status="PASS" signature="beforeMethod()[pri:0, instance:src.com.cavisson.MultiTest@396a51ab]" name="beforeMethod" is-config="true" duration-ms="0" started-at="2017-11-18T16:31:47Z" finished-at="2017-11-18T16:31:47Z">
          <reporter-output>
          </reporter-output>
        </test-method> <!-- beforeMethod -->
        <test-method status="PASS" signature="afterMethod()[pri:0, instance:src.com.cavisson.MultiTest@396a51ab]" name="afterMethod" is-config="true" duration-ms="1" started-at="2017-11-18T16:31:47Z" finished-at="2017-11-18T16:31:47Z">
          <reporter-output>
          </reporter-output>
        </test-method> <!-- afterMethod -->
        <test-method status="PASS" signature="beforeMethod()[pri:0, instance:src.com.cavisson.MultiTest@396a51ab]" name="beforeMethod" is-config="true" duration-ms="1" started-at="2017-11-18T16:31:47Z" finished-at="2017-11-18T16:31:47Z">
          <reporter-output>
          </reporter-output>
        </test-method> <!-- beforeMethod -->
        <test-method status="PASS" signature="Three()[pri:2, instance:src.com.cavisson.MultiTest@396a51ab]" name="Three" duration-ms="2" started-at="2017-11-18T16:31:47Z" finished-at="2017-11-18T16:31:47Z">
          <reporter-output>
          </reporter-output>
        </test-method> <!-- Three -->
        <test-method status="PASS" signature="afterMethod()[pri:0, instance:src.com.cavisson.MultiTest@396a51ab]" name="afterMethod" is-config="true" duration-ms="0" started-at="2017-11-18T16:31:47Z" finished-at="2017-11-18T16:31:47Z">
          <reporter-output>
          </reporter-output>
        </test-method> <!-- afterMethod -->
        <test-method status="PASS" signature="afterTest1()[pri:0, instance:src.com.cavisson.MultiTest@396a51ab]" name="afterTest1" is-config="true" duration-ms="0" started-at="2017-11-18T16:31:47Z" finished-at="2017-11-18T16:31:47Z">
          <reporter-output>
          </reporter-output>
        </test-method> <!-- afterTest1 -->
        <test-method status="PASS" signature="afterTest()[pri:0, instance:src.com.cavisson.MultiTest@396a51ab]" name="afterTest" is-config="true" duration-ms="0" started-at="2017-11-18T16:31:47Z" finished-at="2017-11-18T16:31:47Z">
          <reporter-output>
          </reporter-output>
        </test-method> <!-- afterTest -->
        <test-method status="PASS" signature="afterClass()[pri:0, instance:src.com.cavisson.MultiTest@396a51ab]" name="afterClass" is-config="true" duration-ms="0" started-at="2017-11-18T16:31:47Z" finished-at="2017-11-18T16:31:47Z">
          <reporter-output>
          </reporter-output>
        </test-method> <!-- afterClass -->
        <test-method status="PASS" signature="afterSuite()[pri:0, instance:src.com.cavisson.MultiTest@396a51ab]" name="afterSuite" is-config="true" duration-ms="0" started-at="2017-11-18T16:31:47Z" finished-at="2017-11-18T16:31:47Z">
          <reporter-output>
          </reporter-output>
        </test-method> <!-- afterSuite -->
      </class> <!-- src.com.cavisson.MultiTest -->
    </test> <!-- Test -->
  </suite> <!-- Suite -->
</testng-results>
