<?xml version="1.0" encoding="UTF-8"?>
<!-- Generated by org.testng.reporters.JUnitXMLReporter -->
<testsuite hostname="netstorm-TECRA-C50-C" name="Automation RDT Suite" tests="3" failures="0" timestamp="7 Aug 2018 09:40:12 GMT" time="0.038" errors="0">
  <testcase name="androidDeviceTest" time="0.008" classname="com.cavisson.automation.RDTAutomation.testsuite.RDTSuite"/>
  <testcase name="androidDeviceTest" time="0.002" classname="com.cavisson.automation.RDTAutomation.testsuite.RDTSuite"/>
  <testcase name="iosDeviceTest" time="0.001" classname="com.cavisson.automation.RDTAutomation.testsuite.RDTSuite"/>
</testsuite> <!-- Automation RDT Suite -->
