<?xml version="1.0" encoding="UTF-8"?>
<testng-results skipped="0" failed="0" ignored="0" total="1" passed="1">
  <reporter-output>
  </reporter-output>
  <suite name="Default suite" duration-ms="12517" started-at="2018-09-16T07:25:39Z" finished-at="2018-09-16T07:25:52Z">
    <groups>
    </groups>
    <test name="Default test" duration-ms="12517" started-at="2018-09-16T07:25:39Z" finished-at="2018-09-16T07:25:52Z">
      <class name="Browser.FireFoxBrowser">
        <test-method status="PASS" signature="setUp()[pri:0, instance:Browser.FireFoxBrowser@6fd02e5]" name="setUp" is-config="true" duration-ms="6287" started-at="2018-09-16T07:25:39Z" finished-at="2018-09-16T07:25:45Z">
          <reporter-output>
          </reporter-output>
        </test-method> <!-- setUp -->
        <test-method status="PASS" signature="execute()[pri:0, instance:Browser.FireFoxBrowser@6fd02e5]" name="execute" duration-ms="5834" started-at="2018-09-16T07:25:46Z" finished-at="2018-09-16T07:25:51Z">
          <reporter-output>
          </reporter-output>
        </test-method> <!-- execute -->
        <test-method status="PASS" signature="exit()[pri:0, instance:Browser.FireFoxBrowser@6fd02e5]" name="exit" is-config="true" duration-ms="359" started-at="2018-09-16T07:25:51Z" finished-at="2018-09-16T07:25:52Z">
          <reporter-output>
          </reporter-output>
        </test-method> <!-- exit -->
      </class> <!-- Browser.FireFoxBrowser -->
    </test> <!-- Default test -->
  </suite> <!-- Default suite -->
</testng-results>
