<?xml version="1.0" encoding="UTF-8"?>
<!-- Generated by org.testng.reporters.JUnitXMLReporter -->
<testsuite hostname="netstorm-TECRA-C50-C" name="Default test" tests="4" failures="0" timestamp="7 Aug 2018 09:44:34 GMT" time="0.041" errors="0">
  <testcase name="androidDeviceTest" time="0.007" classname="com.cavisson.automation.RDTAutomation.testsuite.RDTSuite"/>
  <testcase name="androidDeviceTest" time="0.002" classname="com.cavisson.automation.RDTAutomation.testsuite.RDTSuite"/>
  <testcase name="iosDeviceTest" time="0.002" classname="com.cavisson.automation.RDTAutomation.testsuite.RDTSuite"/>
  <testcase name="iosDeviceTest" time="0.002" classname="com.cavisson.automation.RDTAutomation.testsuite.RDTSuite"/>
</testsuite> <!-- Default test -->
